2019-04-26 14:01:43 [I] init start...
2019-04-26 14:01:43 [I] 创建新的udp连接:192.168.42.102:60244
2019-04-26 14:01:43 [I] init finish
2019-04-26 14:01:43 [I] starting...
2019-04-26 14:01:43 [I] Routine, handshake initator, started for peer(192.168.42.102:60244)
2019-04-26 14:01:43 [I] Routine, nonce worker, started for peer:
2019-04-26 14:01:43 [I] Awaiting key-pair for peer(192.168.42.102:60244)
2019-04-26 14:01:43 [I] Routine, sequential sender, started forpeer(192.168.42.102:60244)
2019-04-26 14:01:43 [I] Routine, timer handler, started for peerpeer(192.168.42.102:60244)
2019-04-26 14:01:44 [I] Routine, handshake routine, started for device
2019-04-26 14:01:44 [I] Routine, encryption worker, started
2019-04-26 14:01:44 [I] Routine, receive incomming, started
2019-04-26 14:01:44 [I] Waiting for udp socket
2019-04-26 14:01:44 [I] Listening for inbound packets
2019-04-26 14:01:44 [I] Routine, TUN Reader started
2019-04-26 14:01:44 [I] Routine, decryption, started for device
2019-04-26 14:01:44 [I] Waiting for udp socket
2019-04-26 14:01:44 [I] Received handshake initation,5s,num:0
2019-04-26 14:03:40 [I] Failed to send authenticated packet to peer:write udp 192.168.42.102:60244->183.47.202.35:10061: wsasend: An invalid argument was supplied.
2019-04-26 14:03:42 [I] 断开旧的udp连接:192.168.42.102:60244
2019-04-26 14:03:42 [I] UDP退出:read udp 192.168.42.102:60244->183.47.202.35:10061: use of closed network connection
2019-04-26 14:03:42 [I] 创建新的udp连接:22.0.211.162:58488
2019-04-26 14:03:42 [I] Listening for inbound packets
2019-04-26 14:03:42 [I] Waiting for udp socket
2019-04-26 14:05:19 [I] 未收到握手包应答
2019-04-26 14:05:24 [I] 未收到握手包应答
2019-04-26 14:05:29 [I] 未收到握手包应答
2019-04-26 14:05:34 [I] 未收到握手包应答
2019-04-26 14:05:40 [I] 未收到握手包应答
2019-04-26 14:05:45 [I] 未收到握手包应答
2019-04-26 14:05:50 [I] 未收到握手包应答
2019-04-26 14:05:55 [I] 未收到握手包应答
2019-04-26 14:06:00 [I] 未收到握手包应答
2019-04-26 14:06:06 [I] 未收到握手包应答
2019-04-26 14:06:11 [I] 未收到握手包应答
2019-04-26 14:06:16 [I] 未收到握手包应答
2019-04-26 14:06:21 [I] 未收到握手包应答
2019-04-26 14:06:26 [I] 未收到握手包应答
2019-04-26 14:06:31 [I] 未收到握手包应答
2019-04-26 14:06:35 [I] Awaiting key-pair for peer(22.0.211.162:58488)
2019-04-26 14:06:35 [I] Awaiting key-pair for peer(22.0.211.162:58488)
2019-04-26 14:06:37 [I] 未收到握手包应答
2019-04-26 14:06:42 [I] 未收到握手包应答
2019-04-26 14:06:47 [I] 未收到握手包应答
2019-04-26 14:06:52 [I] 未收到握手包应答
2019-04-26 14:06:57 [I] 未收到握手包应答
2019-04-26 14:07:02 [I] 未收到握手包应答
2019-04-26 14:07:08 [I] 未收到握手包应答
2019-04-26 14:07:13 [I] 未收到握手包应答
2019-04-26 14:07:18 [I] 未收到握手包应答
2019-04-26 14:07:23 [I] 未收到握手包应答
2019-04-26 14:07:28 [I] 未收到握手包应答
2019-04-26 14:07:33 [I] 未收到握手包应答
2019-04-26 14:07:38 [I] 未收到握手包应答
2019-04-26 14:07:44 [I] 未收到握手包应答
2019-04-26 14:07:49 [I] 未收到握手包应答
2019-04-26 14:07:54 [I] 未收到握手包应答
2019-04-26 14:07:59 [I] 未收到握手包应答
2019-04-26 14:08:04 [I] 未收到握手包应答
2019-04-26 14:08:09 [I] 未收到握手包应答
2019-04-26 14:08:14 [I] 未收到握手包应答
2019-04-26 14:08:20 [I] 未收到握手包应答
2019-04-26 14:08:25 [I] 未收到握手包应答
2019-04-26 14:08:30 [I] 未收到握手包应答
2019-04-26 14:08:35 [I] 未收到握手包应答
2019-04-26 14:08:40 [I] 未收到握手包应答
2019-04-26 14:08:45 [I] 未收到握手包应答
2019-04-26 14:08:51 [I] 未收到握手包应答
2019-04-26 14:08:56 [I] 未收到握手包应答
2019-04-26 14:09:01 [I] 未收到握手包应答
2019-04-26 14:09:06 [I] 未收到握手包应答
2019-04-26 14:09:11 [I] 未收到握手包应答
2019-04-26 14:09:16 [I] 未收到握手包应答
2019-04-26 14:09:21 [I] 未收到握手包应答
2019-04-26 14:09:27 [I] 未收到握手包应答
2019-04-26 14:09:32 [I] 未收到握手包应答
2019-04-26 14:09:37 [I] 未收到握手包应答
2019-04-26 14:09:42 [I] 未收到握手包应答
2019-04-26 14:09:47 [I] 未收到握手包应答
2019-04-26 14:09:52 [I] 未收到握手包应答
2019-04-26 14:09:57 [I] 未收到握手包应答
2019-04-26 14:10:02 [I] 未收到握手包应答
2019-04-26 14:10:07 [I] 未收到握手包应答
2019-04-26 14:10:13 [I] 未收到握手包应答
2019-04-26 14:10:18 [I] 未收到握手包应答
2019-04-26 14:10:23 [I] 未收到握手包应答
2019-04-26 14:10:28 [I] 未收到握手包应答
2019-04-26 14:10:33 [I] 未收到握手包应答
2019-04-26 14:10:38 [I] 未收到握手包应答
2019-04-26 14:10:44 [I] 未收到握手包应答
2019-04-26 14:10:49 [I] 未收到握手包应答
2019-04-26 14:10:54 [I] 未收到握手包应答
2019-04-26 14:10:59 [I] 未收到握手包应答
2019-04-26 14:11:04 [I] 未收到握手包应答
2019-04-26 14:11:10 [I] 未收到握手包应答
2019-04-26 14:11:15 [I] 未收到握手包应答
2019-04-26 14:11:20 [I] 未收到握手包应答
2019-04-26 14:11:25 [I] 未收到握手包应答
2019-04-26 14:11:30 [I] 未收到握手包应答
2019-04-26 14:11:36 [I] 未收到握手包应答
2019-04-26 14:11:41 [I] 未收到握手包应答
2019-04-26 14:11:46 [I] 未收到握手包应答
2019-04-26 14:11:51 [I] 未收到握手包应答
2019-04-26 14:11:56 [I] 未收到握手包应答
2019-04-26 14:12:01 [I] 未收到握手包应答
2019-04-26 14:12:06 [I] 未收到握手包应答
2019-04-26 14:12:11 [I] 未收到握手包应答
2019-04-26 14:12:16 [I] 未收到握手包应答
2019-04-26 14:12:22 [I] 未收到握手包应答
2019-04-26 14:12:27 [I] 未收到握手包应答
2019-04-26 14:12:32 [I] 未收到握手包应答
2019-04-26 14:12:35 [I] Clearing all key material for peer(22.0.211.162:58488)
2019-04-26 14:12:37 [I] 未收到握手包应答
2019-04-26 14:12:42 [I] 未收到握手包应答
2019-04-26 14:12:47 [I] 未收到握手包应答
2019-04-26 14:12:53 [I] 未收到握手包应答
2019-04-26 14:12:58 [I] 未收到握手包应答
2019-04-26 14:13:03 [I] 未收到握手包应答
2019-04-26 14:13:08 [I] 未收到握手包应答
2019-04-26 14:13:13 [I] 未收到握手包应答
2019-04-26 14:13:18 [I] 未收到握手包应答
2019-04-26 14:13:23 [I] 未收到握手包应答
2019-04-26 14:13:29 [I] 未收到握手包应答
2019-04-26 14:13:34 [I] 未收到握手包应答
2019-04-26 14:13:39 [I] 未收到握手包应答
2019-04-26 14:13:44 [I] 未收到握手包应答
2019-04-26 14:13:49 [I] 未收到握手包应答
2019-04-26 14:13:54 [I] 未收到握手包应答
2019-04-26 14:14:00 [I] 未收到握手包应答
2019-04-26 14:14:05 [I] 未收到握手包应答
2019-04-26 14:14:10 [I] 未收到握手包应答
2019-04-26 14:14:15 [I] 未收到握手包应答
2019-04-26 14:14:21 [I] 未收到握手包应答
2019-04-26 14:14:26 [I] 未收到握手包应答
2019-04-26 14:14:31 [I] 未收到握手包应答
2019-04-26 14:14:36 [I] 未收到握手包应答
2019-04-26 14:14:41 [I] 未收到握手包应答
2019-04-26 14:14:46 [I] 未收到握手包应答
2019-04-26 14:14:51 [I] 未收到握手包应答
2019-04-26 14:14:57 [I] 未收到握手包应答
2019-04-26 14:15:02 [I] 未收到握手包应答
2019-04-26 14:15:07 [I] 未收到握手包应答
2019-04-26 14:15:12 [I] 未收到握手包应答
2019-04-26 14:15:17 [I] 未收到握手包应答
2019-04-26 14:15:22 [I] 未收到握手包应答
2019-04-26 14:15:28 [I] 未收到握手包应答
2019-04-26 14:15:33 [I] 未收到握手包应答
2019-04-26 14:15:38 [I] 未收到握手包应答
2019-04-26 14:15:43 [I] 未收到握手包应答
2019-04-26 14:15:48 [I] 未收到握手包应答
2019-04-26 14:15:53 [I] 未收到握手包应答
2019-04-26 14:15:59 [I] 未收到握手包应答
2019-04-26 14:16:04 [I] 未收到握手包应答
2019-04-26 14:16:09 [I] 未收到握手包应答
2019-04-26 14:16:14 [I] 未收到握手包应答
2019-04-26 14:16:20 [I] 未收到握手包应答
2019-04-26 14:16:25 [I] 未收到握手包应答
2019-04-26 14:16:30 [I] 未收到握手包应答
2019-04-26 14:16:35 [I] 未收到握手包应答
2019-04-26 14:16:40 [I] 未收到握手包应答
2019-04-26 14:16:45 [I] 未收到握手包应答
2019-04-26 14:16:51 [I] 未收到握手包应答
2019-04-26 14:16:56 [I] 未收到握手包应答
2019-04-26 14:17:01 [I] 未收到握手包应答
2019-04-26 14:17:06 [I] 未收到握手包应答
2019-04-26 14:17:11 [I] 未收到握手包应答
2019-04-26 14:17:16 [I] 未收到握手包应答
2019-04-26 14:17:21 [I] 未收到握手包应答
2019-04-26 14:17:26 [I] 未收到握手包应答
2019-04-26 14:17:32 [I] 未收到握手包应答
2019-04-26 14:17:37 [I] 未收到握手包应答
2019-04-26 14:17:42 [I] 未收到握手包应答
2019-04-26 14:17:47 [I] 未收到握手包应答
2019-04-26 14:17:53 [I] 未收到握手包应答
2019-04-26 14:17:57 [I] 退出: 244 <nil>

2019-04-26 14:17:57 [I] recover start err: runtime error: invalid memory address or nil pointer dereference

